<?xml version="1.0" encoding="UTF-8"?>
<!-- Generated by org.testng.reporters.JUnitXMLReporter -->
<testsuite ignored="0" hostname="Sarkers-MacBook-Pro.local" failures="0" tests="3" name="Default test" time="28.536" errors="0" timestamp="2023-07-26T01:42:25 BDT">
  <testcase classname="google.Google" name="testGoogleImagesLink" time="7.708"/>
  <testcase classname="google.Google" name="testGooglePageTitle" time="2.847"/>
  <testcase classname="google.Google" name="testGoogleSearch" time="11.033"/>
</testsuite> <!-- Default test -->
