<?xml version="1.0" encoding="UTF-8"?>
<testng-results ignored="0" total="3" passed="3" failed="0" skipped="0">
  <reporter-output>
  </reporter-output>
  <suite started-at="2023-07-26T01:41:57 BDT" name="Default suite" finished-at="2023-07-26T01:42:25 BDT" duration-ms="28536">
    <groups>
    </groups>
    <test started-at="2023-07-26T01:41:57 BDT" name="Default test" finished-at="2023-07-26T01:42:25 BDT" duration-ms="28536">
      <class name="google.Google">
        <test-method is-config="true" signature="setUp()[pri:0, instance:google.Google@4b741d6d]" started-at="2023-07-26T01:41:57 BDT" name="setUp" finished-at="2023-07-26T01:42:03 BDT" duration-ms="5758" status="PASS">
          <reporter-output>
          </reporter-output>
        </test-method> <!-- setUp -->
        <test-method signature="testGoogleImagesLink()[pri:0, instance:google.Google@4b741d6d]" started-at="2023-07-26T01:42:03 BDT" name="testGoogleImagesLink" finished-at="2023-07-26T01:42:10 BDT" duration-ms="7708" status="PASS">
          <reporter-output>
          </reporter-output>
        </test-method> <!-- testGoogleImagesLink -->
        <test-method signature="testGooglePageTitle()[pri:0, instance:google.Google@4b741d6d]" started-at="2023-07-26T01:42:10 BDT" name="testGooglePageTitle" finished-at="2023-07-26T01:42:13 BDT" duration-ms="2847" status="PASS">
          <reporter-output>
          </reporter-output>
        </test-method> <!-- testGooglePageTitle -->
        <test-method signature="testGoogleSearch()[pri:0, instance:google.Google@4b741d6d]" started-at="2023-07-26T01:42:13 BDT" name="testGoogleSearch" finished-at="2023-07-26T01:42:24 BDT" duration-ms="11033" status="PASS">
          <reporter-output>
          </reporter-output>
        </test-method> <!-- testGoogleSearch -->
        <test-method is-config="true" signature="tearDown()[pri:0, instance:google.Google@4b741d6d]" started-at="2023-07-26T01:42:24 BDT" name="tearDown" finished-at="2023-07-26T01:42:25 BDT" duration-ms="1129" status="PASS">
          <reporter-output>
          </reporter-output>
        </test-method> <!-- tearDown -->
      </class> <!-- google.Google -->
    </test> <!-- Default test -->
  </suite> <!-- Default suite -->
</testng-results>
